-- The C compiler identification is GNU 13.3.0
-- The CXX compiler identification is GNU 13.3.0
-- Detecting C compiler ABI info
-- Detecting C compiler ABI info - done
-- Check for working C compiler: /usr/bin/cc - skipped
-- Detecting C compile features
-- Detecting C compile features - done
-- Detecting CXX compiler ABI info
-- Detecting CXX compiler ABI info - done
-- Check for working CXX compiler: /usr/bin/c++ - skipped
-- Detecting CXX compile features
-- Detecting CXX compile features - done
-- Found ament_cmake: 2.5.4 (/opt/ros/jazzy/share/ament_cmake/cmake)
-- Found Python3: /usr/bin/python3 (found version "3.12.3") found components: Interpreter 
-- Override CMake install command with custom implementation using symlinks instead of copying resources
-- Found ament_lint_auto: 0.17.2 (/opt/ros/jazzy/share/ament_lint_auto/cmake)
-- Added test 'copyright' to check source files copyright and LICENSE
-- Added test 'cppcheck' to perform static code analysis on C / C++ code
-- Configured cppcheck include dirs: 
-- Configured cppcheck exclude dirs and/or files: 
-- Added test 'cpplint' to check C / C++ code against the Google style
-- Configured cpplint exclude dirs and/or files: 
-- Added test 'flake8' to check Python code syntax and style conventions
-- Configured 'flake8' exclude dirs and/or files: 
-- Added test 'lint_cmake' to check CMake code style
-- Added test 'pep257' to check Python code against some of the docstring style conventions in PEP 257
-- Added test 'uncrustify' to check C / C++ code style
-- Configured uncrustify additional arguments: 
-- Added test 'xmllint' to check XML markup files
-- Configuring done (0.7s)
-- Generating done (0.0s)
-- Build files have been written to: /home/devank/bot_ws/src/try_bot/build/try_bot
-- Install configuration: ""
-- Execute custom install script
-- Symlinking: /home/devank/bot_ws/src/try_bot/install/try_bot/share/try_bot/config/empty.yaml
-- Symlinking: /home/devank/bot_ws/src/try_bot/install/try_bot/share/try_bot/description/robot.urdf.xacro
-- Symlinking: /home/devank/bot_ws/src/try_bot/install/try_bot/share/try_bot/description/robot_core.xacro
-- Symlinking: /home/devank/bot_ws/src/try_bot/install/try_bot/share/try_bot/launch/rsp.launch.py
-- Symlinking: /home/devank/bot_ws/src/try_bot/install/try_bot/share/try_bot/worlds/empty.world
-- Symlinking: /home/devank/bot_ws/src/try_bot/install/try_bot/share/ament_index/resource_index/package_run_dependencies/try_bot
-- Symlinking: /home/devank/bot_ws/src/try_bot/install/try_bot/share/ament_index/resource_index/parent_prefix_path/try_bot
-- Symlinking: /home/devank/bot_ws/src/try_bot/install/try_bot/share/try_bot/environment/ament_prefix_path.sh
-- Symlinking: /home/devank/bot_ws/src/try_bot/install/try_bot/share/try_bot/environment/ament_prefix_path.dsv
-- Symlinking: /home/devank/bot_ws/src/try_bot/install/try_bot/share/try_bot/environment/path.sh
-- Symlinking: /home/devank/bot_ws/src/try_bot/install/try_bot/share/try_bot/environment/path.dsv
-- Symlinking: /home/devank/bot_ws/src/try_bot/install/try_bot/share/try_bot/local_setup.bash
-- Symlinking: /home/devank/bot_ws/src/try_bot/install/try_bot/share/try_bot/local_setup.sh
-- Symlinking: /home/devank/bot_ws/src/try_bot/install/try_bot/share/try_bot/local_setup.zsh
-- Symlinking: /home/devank/bot_ws/src/try_bot/install/try_bot/share/try_bot/local_setup.dsv
-- Symlinking: /home/devank/bot_ws/src/try_bot/install/try_bot/share/try_bot/package.dsv
-- Symlinking: /home/devank/bot_ws/src/try_bot/install/try_bot/share/ament_index/resource_index/packages/try_bot
-- Symlinking: /home/devank/bot_ws/src/try_bot/install/try_bot/share/try_bot/cmake/try_botConfig.cmake
-- Symlinking: /home/devank/bot_ws/src/try_bot/install/try_bot/share/try_bot/cmake/try_botConfig-version.cmake
-- Symlinking: /home/devank/bot_ws/src/try_bot/install/try_bot/share/try_bot/package.xml
