-- Install configuration: ""
-- Execute custom install script
-- Up-to-date symlink: /home/devank/bot_ws/src/try_bot/install/try_bot/share/try_bot/config/empty.yaml
-- Symlinking: /home/devank/bot_ws/src/try_bot/install/try_bot/share/try_bot/description/inertial_macros.xacro
-- Up-to-date symlink: /home/devank/bot_ws/src/try_bot/install/try_bot/share/try_bot/description/robot.urdf.xacro
-- Up-to-date symlink: /home/devank/bot_ws/src/try_bot/install/try_bot/share/try_bot/description/robot_core.xacro
-- Up-to-date symlink: /home/devank/bot_ws/src/try_bot/install/try_bot/share/try_bot/launch/rsp.launch.py
-- Up-to-date symlink: /home/devank/bot_ws/src/try_bot/install/try_bot/share/try_bot/worlds/empty.world
-- Up-to-date symlink: /home/devank/bot_ws/src/try_bot/install/try_bot/share/ament_index/resource_index/package_run_dependencies/try_bot
-- Up-to-date symlink: /home/devank/bot_ws/src/try_bot/install/try_bot/share/ament_index/resource_index/parent_prefix_path/try_bot
-- Up-to-date symlink: /home/devank/bot_ws/src/try_bot/install/try_bot/share/try_bot/environment/ament_prefix_path.sh
-- Up-to-date symlink: /home/devank/bot_ws/src/try_bot/install/try_bot/share/try_bot/environment/ament_prefix_path.dsv
-- Up-to-date symlink: /home/devank/bot_ws/src/try_bot/install/try_bot/share/try_bot/environment/path.sh
-- Up-to-date symlink: /home/devank/bot_ws/src/try_bot/install/try_bot/share/try_bot/environment/path.dsv
-- Up-to-date symlink: /home/devank/bot_ws/src/try_bot/install/try_bot/share/try_bot/local_setup.bash
-- Up-to-date symlink: /home/devank/bot_ws/src/try_bot/install/try_bot/share/try_bot/local_setup.sh
-- Up-to-date symlink: /home/devank/bot_ws/src/try_bot/install/try_bot/share/try_bot/local_setup.zsh
-- Up-to-date symlink: /home/devank/bot_ws/src/try_bot/install/try_bot/share/try_bot/local_setup.dsv
-- Symlinking: /home/devank/bot_ws/src/try_bot/install/try_bot/share/try_bot/package.dsv
-- Up-to-date symlink: /home/devank/bot_ws/src/try_bot/install/try_bot/share/ament_index/resource_index/packages/try_bot
-- Up-to-date symlink: /home/devank/bot_ws/src/try_bot/install/try_bot/share/try_bot/cmake/try_botConfig.cmake
-- Up-to-date symlink: /home/devank/bot_ws/src/try_bot/install/try_bot/share/try_bot/cmake/try_botConfig-version.cmake
-- Up-to-date symlink: /home/devank/bot_ws/src/try_bot/install/try_bot/share/try_bot/package.xml
