[0.019s] Invoking command in '/home/devank/bot_ws/src/try_bot/build/try_bot': CMAKE_PREFIX_PATH=${CMAKE_PREFIX_PATH}:/opt/ros/jazzy DEBUGINFOD_URLS=https://debuginfod.ubuntu.com /usr/bin/cmake --build /home/devank/bot_ws/src/try_bot/build/try_bot -- -j8 -l8
[0.057s] Invoked command in '/home/devank/bot_ws/src/try_bot/build/try_bot' returned '0': CMAKE_PREFIX_PATH=${CMAKE_PREFIX_PATH}:/opt/ros/jazzy DEBUGINFOD_URLS=https://debuginfod.ubuntu.com /usr/bin/cmake --build /home/devank/bot_ws/src/try_bot/build/try_bot -- -j8 -l8
[0.066s] Invoking command in '/home/devank/bot_ws/src/try_bot/build/try_bot': CMAKE_PREFIX_PATH=${CMAKE_PREFIX_PATH}:/opt/ros/jazzy DEBUGINFOD_URLS=https://debuginfod.ubuntu.com /usr/bin/cmake --install /home/devank/bot_ws/src/try_bot/build/try_bot
[0.073s] -- Install configuration: ""
[0.073s] -- Execute custom install script
[0.074s] -- Up-to-date symlink: /home/devank/bot_ws/src/try_bot/install/try_bot/share/try_bot/config/empty.yaml
[0.074s] -- Symlinking: /home/devank/bot_ws/src/try_bot/install/try_bot/share/try_bot/description/inertial_macros.xacro
[0.082s] -- Up-to-date symlink: /home/devank/bot_ws/src/try_bot/install/try_bot/share/try_bot/description/robot.urdf.xacro
[0.083s] -- Up-to-date symlink: /home/devank/bot_ws/src/try_bot/install/try_bot/share/try_bot/description/robot_core.xacro
[0.083s] -- Up-to-date symlink: /home/devank/bot_ws/src/try_bot/install/try_bot/share/try_bot/launch/rsp.launch.py
[0.083s] -- Up-to-date symlink: /home/devank/bot_ws/src/try_bot/install/try_bot/share/try_bot/worlds/empty.world
[0.084s] -- Up-to-date symlink: /home/devank/bot_ws/src/try_bot/install/try_bot/share/ament_index/resource_index/package_run_dependencies/try_bot
[0.084s] -- Up-to-date symlink: /home/devank/bot_ws/src/try_bot/install/try_bot/share/ament_index/resource_index/parent_prefix_path/try_bot
[0.085s] -- Up-to-date symlink: /home/devank/bot_ws/src/try_bot/install/try_bot/share/try_bot/environment/ament_prefix_path.sh
[0.085s] -- Up-to-date symlink: /home/devank/bot_ws/src/try_bot/install/try_bot/share/try_bot/environment/ament_prefix_path.dsv
[0.086s] -- Up-to-date symlink: /home/devank/bot_ws/src/try_bot/install/try_bot/share/try_bot/environment/path.sh
[0.086s] -- Up-to-date symlink: /home/devank/bot_ws/src/try_bot/install/try_bot/share/try_bot/environment/path.dsv
[0.086s] -- Up-to-date symlink: /home/devank/bot_ws/src/try_bot/install/try_bot/share/try_bot/local_setup.bash
[0.087s] -- Up-to-date symlink: /home/devank/bot_ws/src/try_bot/install/try_bot/share/try_bot/local_setup.sh
[0.087s] -- Up-to-date symlink: /home/devank/bot_ws/src/try_bot/install/try_bot/share/try_bot/local_setup.zsh
[0.088s] -- Up-to-date symlink: /home/devank/bot_ws/src/try_bot/install/try_bot/share/try_bot/local_setup.dsv
[0.088s] -- Symlinking: /home/devank/bot_ws/src/try_bot/install/try_bot/share/try_bot/package.dsv
[0.096s] -- Up-to-date symlink: /home/devank/bot_ws/src/try_bot/install/try_bot/share/ament_index/resource_index/packages/try_bot
[0.096s] -- Up-to-date symlink: /home/devank/bot_ws/src/try_bot/install/try_bot/share/try_bot/cmake/try_botConfig.cmake
[0.097s] -- Up-to-date symlink: /home/devank/bot_ws/src/try_bot/install/try_bot/share/try_bot/cmake/try_botConfig-version.cmake
[0.097s] -- Up-to-date symlink: /home/devank/bot_ws/src/try_bot/install/try_bot/share/try_bot/package.xml
[0.099s] Invoked command in '/home/devank/bot_ws/src/try_bot/build/try_bot' returned '0': CMAKE_PREFIX_PATH=${CMAKE_PREFIX_PATH}:/opt/ros/jazzy DEBUGINFOD_URLS=https://debuginfod.ubuntu.com /usr/bin/cmake --install /home/devank/bot_ws/src/try_bot/build/try_bot
